<?xml version="1.0" encoding="UTF-8" ?>
<testsuite 
errors="0" failures="0" hostname="Ajays-MBP" name="uk.gov.scalatest.ShoppingTest" tests="3" time="0.028" timestamp="2017-04-04T21:22:42">
  <properties>
[...]
</properties>
  <testcase 
  name="Feature: Shopping Bucket Scenario: Constructing a Empty Shopping Bucket" classname="uk.gov.scalatest.ShoppingTest" time="0.012">
</testcase>
  <testcase 
  name="Feature: Shopping Bucket Scenario: Constructing a non Empty Shopping Bucket" classname="uk.gov.scalatest.ShoppingTest" time="0.0">
</testcase>
  <testcase 
  name="Feature: Shopping Bucket Scenario: Adding Items to the list after consturctor" classname="uk.gov.scalatest.ShoppingTest" time="0.001">
</testcase>
  <system-out><![CDATA[]]></system-out>
  <system-err><![CDATA[]]></system-err>
</testsuite>
