Discovery starting.
Discovery completed in 87 milliseconds.
Run starting. Expected test count is: 3
ShoppingTest:
Feature: Shopping Bucket
  Scenario: Constructing a Empty Shopping Bucket (11 milliseconds)
  Scenario: Constructing a non Empty Shopping Bucket *** FAILED *** (6 milliseconds)
  0.0 was not equal to 85.0 (ShoppingTest.scala:15)
  org.scalatest.exceptions.TestFailedException:
  at org.scalatest.MatchersHelper$.indicateFailure(MatchersHelper.scala:340)
  at org.scalatest.Matchers$ShouldMethodHelper$.shouldMatcher(Matchers.scala:6668)
  at org.scalatest.Matchers$AnyShouldWrapper.should(Matchers.scala:6704)
  at uk.gov.scalatest.ShoppingTest$$anonfun$1$$anonfun$apply$mcV$sp$2.apply(ShoppingTest.scala:15)
  at uk.gov.scalatest.ShoppingTest$$anonfun$1$$anonfun$apply$mcV$sp$2.apply(ShoppingTest.scala:13)
  at org.scalatest.OutcomeOf$class.outcomeOf(OutcomeOf.scala:85)
  at org.scalatest.OutcomeOf$.outcomeOf(OutcomeOf.scala:104)
  at org.scalatest.Transformer.apply(Transformer.scala:22)
  at org.scalatest.Transformer.apply(Transformer.scala:20)
  at org.scalatest.FeatureSpecLike$$anon$1.apply(FeatureSpecLike.scala:236)
  at org.scalatest.TestSuite$class.withFixture(TestSuite.scala:196)
  at org.scalatest.FeatureSpec.withFixture(FeatureSpec.scala:1825)
  at org.scalatest.FeatureSpecLike$class.invokeWithFixture$1(FeatureSpecLike.scala:233)
  at org.scalatest.FeatureSpecLike$$anonfun$runTest$1.apply(FeatureSpecLike.scala:246)
  at org.scalatest.FeatureSpecLike$$anonfun$runTest$1.apply(FeatureSpecLike.scala:246)
  at org.scalatest.SuperEngine.runTestImpl(Engine.scala:289)
  at org.scalatest.FeatureSpecLike$class.runTest(FeatureSpecLike.scala:246)
  at org.scalatest.FeatureSpec.runTest(FeatureSpec.scala:1825)
  at org.scalatest.FeatureSpecLike$$anonfun$runTests$1.apply(FeatureSpecLike.scala:305)
  at org.scalatest.FeatureSpecLike$$anonfun$runTests$1.apply(FeatureSpecLike.scala:305)
  at org.scalatest.SuperEngine$$anonfun$traverseSubNodes$1$1.apply(Engine.scala:396)
  at org.scalatest.SuperEngine$$anonfun$traverseSubNodes$1$1.apply(Engine.scala:384)
  at scala.collection.immutable.List.foreach(List.scala:381)
  at org.scalatest.SuperEngine.traverseSubNodes$1(Engine.scala:384)
  at org.scalatest.SuperEngine.org$scalatest$SuperEngine$$runTestsInBranch(Engine.scala:373)
  at org.scalatest.SuperEngine$$anonfun$traverseSubNodes$1$1.apply(Engine.scala:410)
  at org.scalatest.SuperEngine$$anonfun$traverseSubNodes$1$1.apply(Engine.scala:384)
  at scala.collection.immutable.List.foreach(List.scala:381)
  at org.scalatest.SuperEngine.traverseSubNodes$1(Engine.scala:384)
  at org.scalatest.SuperEngine.org$scalatest$SuperEngine$$runTestsInBranch(Engine.scala:379)
  at org.scalatest.SuperEngine.runTestsImpl(Engine.scala:461)
  at org.scalatest.FeatureSpecLike$class.runTests(FeatureSpecLike.scala:305)
  at org.scalatest.FeatureSpec.runTests(FeatureSpec.scala:1825)
  at org.scalatest.Suite$class.run(Suite.scala:1147)
  at org.scalatest.FeatureSpec.org$scalatest$FeatureSpecLike$$super$run(FeatureSpec.scala:1825)
  at org.scalatest.FeatureSpecLike$$anonfun$run$1.apply(FeatureSpecLike.scala:346)
  at org.scalatest.FeatureSpecLike$$anonfun$run$1.apply(FeatureSpecLike.scala:346)
  at org.scalatest.SuperEngine.runImpl(Engine.scala:521)
  at org.scalatest.FeatureSpecLike$class.run(FeatureSpecLike.scala:346)
  at org.scalatest.FeatureSpec.run(FeatureSpec.scala:1825)
  at org.scalatest.Suite$class.callExecuteOnSuite$1(Suite.scala:1210)
  at org.scalatest.Suite$$anonfun$runNestedSuites$1.apply(Suite.scala:1257)
  at org.scalatest.Suite$$anonfun$runNestedSuites$1.apply(Suite.scala:1255)
  at scala.collection.IndexedSeqOptimized$class.foreach(IndexedSeqOptimized.scala:33)
  at scala.collection.mutable.ArrayOps$ofRef.foreach(ArrayOps.scala:186)
  at org.scalatest.Suite$class.runNestedSuites(Suite.scala:1255)
  at org.scalatest.tools.DiscoverySuite.runNestedSuites(DiscoverySuite.scala:30)
  at org.scalatest.Suite$class.run(Suite.scala:1144)
  at org.scalatest.tools.DiscoverySuite.run(DiscoverySuite.scala:30)
  at org.scalatest.tools.SuiteRunner.run(SuiteRunner.scala:45)
  at org.scalatest.tools.Runner$$anonfun$doRunRunRunDaDoRunRun$1.apply(Runner.scala:1340)
  at org.scalatest.tools.Runner$$anonfun$doRunRunRunDaDoRunRun$1.apply(Runner.scala:1334)
  at scala.collection.immutable.List.foreach(List.scala:381)
  at org.scalatest.tools.Runner$.doRunRunRunDaDoRunRun(Runner.scala:1334)
  at org.scalatest.tools.Runner$$anonfun$runOptionallyWithPassFailReporter$2.apply(Runner.scala:1011)
  at org.scalatest.tools.Runner$$anonfun$runOptionallyWithPassFailReporter$2.apply(Runner.scala:1010)
  at org.scalatest.tools.Runner$.withClassLoaderAndDispatchReporter(Runner.scala:1500)
  at org.scalatest.tools.Runner$.runOptionallyWithPassFailReporter(Runner.scala:1010)
  at org.scalatest.tools.Runner$.main(Runner.scala:827)
  at org.scalatest.tools.Runner.main(Runner.scala)
  Scenario: Adding Items to the list after consturctor *** FAILED *** (1 millisecond)
  0.0 was not equal to 205.0 (ShoppingTest.scala:22)
  org.scalatest.exceptions.TestFailedException:
  at org.scalatest.MatchersHelper$.indicateFailure(MatchersHelper.scala:340)
  at org.scalatest.Matchers$ShouldMethodHelper$.shouldMatcher(Matchers.scala:6668)
  at org.scalatest.Matchers$AnyShouldWrapper.should(Matchers.scala:6704)
  at uk.gov.scalatest.ShoppingTest$$anonfun$1$$anonfun$apply$mcV$sp$3.apply(ShoppingTest.scala:22)
  at uk.gov.scalatest.ShoppingTest$$anonfun$1$$anonfun$apply$mcV$sp$3.apply(ShoppingTest.scala:19)
  at org.scalatest.OutcomeOf$class.outcomeOf(OutcomeOf.scala:85)
  at org.scalatest.OutcomeOf$.outcomeOf(OutcomeOf.scala:104)
  at org.scalatest.Transformer.apply(Transformer.scala:22)
  at org.scalatest.Transformer.apply(Transformer.scala:20)
  at org.scalatest.FeatureSpecLike$$anon$1.apply(FeatureSpecLike.scala:236)
  at org.scalatest.TestSuite$class.withFixture(TestSuite.scala:196)
  at org.scalatest.FeatureSpec.withFixture(FeatureSpec.scala:1825)
  at org.scalatest.FeatureSpecLike$class.invokeWithFixture$1(FeatureSpecLike.scala:233)
  at org.scalatest.FeatureSpecLike$$anonfun$runTest$1.apply(FeatureSpecLike.scala:246)
  at org.scalatest.FeatureSpecLike$$anonfun$runTest$1.apply(FeatureSpecLike.scala:246)
  at org.scalatest.SuperEngine.runTestImpl(Engine.scala:289)
  at org.scalatest.FeatureSpecLike$class.runTest(FeatureSpecLike.scala:246)
  at org.scalatest.FeatureSpec.runTest(FeatureSpec.scala:1825)
  at org.scalatest.FeatureSpecLike$$anonfun$runTests$1.apply(FeatureSpecLike.scala:305)
  at org.scalatest.FeatureSpecLike$$anonfun$runTests$1.apply(FeatureSpecLike.scala:305)
  at org.scalatest.SuperEngine$$anonfun$traverseSubNodes$1$1.apply(Engine.scala:396)
  at org.scalatest.SuperEngine$$anonfun$traverseSubNodes$1$1.apply(Engine.scala:384)
  at scala.collection.immutable.List.foreach(List.scala:381)
  at org.scalatest.SuperEngine.traverseSubNodes$1(Engine.scala:384)
  at org.scalatest.SuperEngine.org$scalatest$SuperEngine$$runTestsInBranch(Engine.scala:373)
  at org.scalatest.SuperEngine$$anonfun$traverseSubNodes$1$1.apply(Engine.scala:410)
  at org.scalatest.SuperEngine$$anonfun$traverseSubNodes$1$1.apply(Engine.scala:384)
  at scala.collection.immutable.List.foreach(List.scala:381)
  at org.scalatest.SuperEngine.traverseSubNodes$1(Engine.scala:384)
  at org.scalatest.SuperEngine.org$scalatest$SuperEngine$$runTestsInBranch(Engine.scala:379)
  at org.scalatest.SuperEngine.runTestsImpl(Engine.scala:461)
  at org.scalatest.FeatureSpecLike$class.runTests(FeatureSpecLike.scala:305)
  at org.scalatest.FeatureSpec.runTests(FeatureSpec.scala:1825)
  at org.scalatest.Suite$class.run(Suite.scala:1147)
  at org.scalatest.FeatureSpec.org$scalatest$FeatureSpecLike$$super$run(FeatureSpec.scala:1825)
  at org.scalatest.FeatureSpecLike$$anonfun$run$1.apply(FeatureSpecLike.scala:346)
  at org.scalatest.FeatureSpecLike$$anonfun$run$1.apply(FeatureSpecLike.scala:346)
  at org.scalatest.SuperEngine.runImpl(Engine.scala:521)
  at org.scalatest.FeatureSpecLike$class.run(FeatureSpecLike.scala:346)
  at org.scalatest.FeatureSpec.run(FeatureSpec.scala:1825)
  at org.scalatest.Suite$class.callExecuteOnSuite$1(Suite.scala:1210)
  at org.scalatest.Suite$$anonfun$runNestedSuites$1.apply(Suite.scala:1257)
  at org.scalatest.Suite$$anonfun$runNestedSuites$1.apply(Suite.scala:1255)
  at scala.collection.IndexedSeqOptimized$class.foreach(IndexedSeqOptimized.scala:33)
  at scala.collection.mutable.ArrayOps$ofRef.foreach(ArrayOps.scala:186)
  at org.scalatest.Suite$class.runNestedSuites(Suite.scala:1255)
  at org.scalatest.tools.DiscoverySuite.runNestedSuites(DiscoverySuite.scala:30)
  at org.scalatest.Suite$class.run(Suite.scala:1144)
  at org.scalatest.tools.DiscoverySuite.run(DiscoverySuite.scala:30)
  at org.scalatest.tools.SuiteRunner.run(SuiteRunner.scala:45)
  at org.scalatest.tools.Runner$$anonfun$doRunRunRunDaDoRunRun$1.apply(Runner.scala:1340)
  at org.scalatest.tools.Runner$$anonfun$doRunRunRunDaDoRunRun$1.apply(Runner.scala:1334)
  at scala.collection.immutable.List.foreach(List.scala:381)
  at org.scalatest.tools.Runner$.doRunRunRunDaDoRunRun(Runner.scala:1334)
  at org.scalatest.tools.Runner$$anonfun$runOptionallyWithPassFailReporter$2.apply(Runner.scala:1011)
  at org.scalatest.tools.Runner$$anonfun$runOptionallyWithPassFailReporter$2.apply(Runner.scala:1010)
  at org.scalatest.tools.Runner$.withClassLoaderAndDispatchReporter(Runner.scala:1500)
  at org.scalatest.tools.Runner$.runOptionallyWithPassFailReporter(Runner.scala:1010)
  at org.scalatest.tools.Runner$.main(Runner.scala:827)
  at org.scalatest.tools.Runner.main(Runner.scala)
Run completed in 147 milliseconds.
Total number of tests run: 3
Suites: completed 2, aborted 0
Tests: succeeded 1, failed 2, canceled 0, ignored 0, pending 0
*** 2 TESTS FAILED ***
